<?xml version="1.0" encoding="UTF-8"?>
<!-- Generated by org.testng.reporters.JUnitReportReporter -->
<testsuite hostname="DESKTOP-F4HKPKP" failures="0" tests="1" name="alltestcases.CreateAccountTestCases" time="37.618" errors="0" timestamp="13 Jan 2021 11:39:07 GMT" skipped="0">
  <testcase classname="alltestcases.CreateAccountTestCases" name="validateCreateAccountPageText" time="37.618"/>
</testsuite> <!-- alltestcases.CreateAccountTestCases -->
