<?xml version="1.0" encoding="UTF-8"?>
<!-- Generated by org.testng.reporters.JUnitReportReporter -->
<testsuite hostname="DESKTOP-F4HKPKP" failures="0" tests="1" name="alltestcases.HomePageTestCases" time="26.352" errors="0" timestamp="13 Jan 2021 11:36:44 GMT" skipped="0">
  <testcase classname="alltestcases.HomePageTestCases" name="ClickOnContactUs" time="26.352"/>
</testsuite> <!-- alltestcases.HomePageTestCases -->
