<?xml version="1.0" encoding="UTF-8"?>
<!-- Generated by org.testng.reporters.JUnitReportReporter -->
<testsuite hostname="DESKTOP-F4HKPKP" failures="0" tests="1" name="testng_practice.JavaScriptDOM_Method" time="9.745" errors="0" timestamp="27 Dec 2020 12:20:45 GMT" skipped="0">
  <testcase classname="testng_practice.JavaScriptDOM_Method" name="searchBox" time="9.745"/>
</testsuite> <!-- testng_practice.JavaScriptDOM_Method -->
