<?xml version="1.0" encoding="UTF-8"?>
<!-- Generated by org.testng.reporters.JUnitReportReporter -->
<testsuite hostname="DESKTOP-F4HKPKP" failures="0" tests="2" name="selenium_practice.ParallelTests" time="32.769" errors="0" timestamp="10 Jan 2021 19:57:49 GMT" skipped="0">
  <testcase classname="selenium_practice.ParallelTests" name="getFireFox" time="18.947"/>
  <testcase classname="selenium_practice.ParallelTests" name="getChrome" time="13.822"/>
</testsuite> <!-- selenium_practice.ParallelTests -->
