<?xml version="1.0" encoding="UTF-8"?>
<!-- Generated by org.testng.reporters.JUnitReportReporter -->
<testsuite hostname="DESKTOP-F4HKPKP" failures="0" tests="1" name="testng_practice.TableHandling" time="9.034" errors="0" timestamp="27 Dec 2020 13:45:58 GMT" skipped="0">
  <testcase classname="testng_practice.TableHandling" name="readTableContent" time="9.034"/>
</testsuite> <!-- testng_practice.TableHandling -->
