<?xml version="1.0" encoding="UTF-8"?>
<!-- Generated by org.testng.reporters.JUnitReportReporter -->
<testsuite hostname="DESKTOP-F4HKPKP" failures="0" tests="1" name="log4j_practice.CartPageTestCases" time="21.139" errors="0" timestamp="19 Jan 2021 09:25:17 GMT" skipped="0">
  <testcase classname="log4j_practice.CartPageTestCases" name="CartPageValidate" time="21.139"/>
</testsuite> <!-- log4j_practice.CartPageTestCases -->
