<?xml version="1.0" encoding="UTF-8"?>
<!-- Generated by org.testng.reporters.JUnitReportReporter -->
<testsuite hostname="DESKTOP-F4HKPKP" failures="0" tests="1" name="alltestcases.CartPageTestCases" time="20.893" errors="0" timestamp="19 Jan 2021 09:15:36 GMT" skipped="0">
  <testcase classname="alltestcases.CartPageTestCases" name="CartPageValidate" time="20.893"/>
</testsuite> <!-- alltestcases.CartPageTestCases -->
