<?xml version="1.0" encoding="UTF-8"?>
<!-- Generated by org.testng.reporters.JUnitReportReporter -->
<testsuite hostname="DESKTOP-F4HKPKP" failures="0" tests="1" name="log4j_practice.AfterSignInPageTestCases" time="28.193" errors="0" timestamp="20 Jan 2021 08:10:59 GMT" skipped="0">
  <testcase classname="log4j_practice.AfterSignInPageTestCases" name="MyOrderHistory" time="28.193"/>
</testsuite> <!-- log4j_practice.AfterSignInPageTestCases -->
