<?xml version="1.0" encoding="UTF-8"?>
<!-- Generated by org.testng.reporters.JUnitReportReporter -->
<testsuite hostname="DESKTOP-F4HKPKP" failures="0" tests="1" name="testng_assertions.AssertExamples" time="8.274" errors="0" timestamp="11 Jan 2021 18:31:23 GMT" skipped="0">
  <testcase classname="testng_assertions.AssertExamples" name="verifyUsingAssertions" time="8.274"/>
</testsuite> <!-- testng_assertions.AssertExamples -->
