<?xml version="1.0" encoding="UTF-8"?>
<!-- Generated by org.testng.reporters.JUnitReportReporter -->
<testsuite hostname="DESKTOP-F4HKPKP" failures="0" tests="2" name="testng_grouping.GroupingSample_2" time="32.868" errors="0" timestamp="11 Jan 2021 05:15:37 GMT" skipped="0">
  <testcase classname="testng_grouping.GroupingSample_2" name="testcase1" time="14.975"/>
  <testcase classname="testng_grouping.GroupingSample_2" name="testcase2" time="17.893"/>
</testsuite> <!-- testng_grouping.GroupingSample_2 -->
