<?xml version="1.0" encoding="UTF-8"?>
<!-- Generated by org.testng.reporters.JUnitReportReporter -->
<testsuite hostname="DESKTOP-F4HKPKP" failures="0" tests="8" name="testng_practice.OrderOfExecution" time="0.008" errors="0" timestamp="10 Jan 2021 20:15:59 GMT" skipped="0">
  <testcase classname="testng_practice.OrderOfExecution" name="selectProduct" time="0.000"/>
  <testcase classname="testng_practice.OrderOfExecution" name="PlaceAnOrder" time="0.001"/>
  <testcase classname="testng_practice.OrderOfExecution" name="addToCart" time="0.001"/>
  <testcase classname="testng_practice.OrderOfExecution" name="tc_1" time="0.001"/>
  <testcase classname="testng_practice.OrderOfExecution" name="tc" time="0.002"/>
  <testcase classname="testng_practice.OrderOfExecution" name="tc_2" time="0.001"/>
  <testcase classname="testng_practice.OrderOfExecution" name="tc_4" time="0.001"/>
  <testcase classname="testng_practice.OrderOfExecution" name="tc_3" time="0.001"/>
</testsuite> <!-- testng_practice.OrderOfExecution -->
