<?xml version="1.0" encoding="UTF-8"?>
<!-- Generated by org.testng.reporters.JUnitReportReporter -->
<testsuite hostname="DESKTOP-F4HKPKP" failures="0" tests="1" name="alltestcases.AfterSignInPageTestCases" time="54.895" errors="0" timestamp="13 Jan 2021 11:39:07 GMT" skipped="0">
  <testcase classname="alltestcases.AfterSignInPageTestCases" name="MyOrderHistory" time="54.895"/>
</testsuite> <!-- alltestcases.AfterSignInPageTestCases -->
