<?xml version="1.0" encoding="UTF-8"?>
<!-- Generated by org.testng.reporters.JUnitReportReporter -->
<testsuite hostname="DESKTOP-F4HKPKP" failures="0" tests="4" name="testng_practice_enabled_false.AnnotationsWithClass" time="5.221" errors="0" timestamp="08 Jan 2021 10:04:21 GMT" skipped="2">
  <testcase classname="testng_practice_enabled_false.AnnotationsWithClass" name="testcase2" time="2.696"/>
  <testcase classname="testng_practice_enabled_false.AnnotationsWithClass" name="testcase2" time="2.525"/>
  <testcase classname="testng_practice_enabled_false.AnnotationsWithClass" name="testcase1">
    <skipped/>
  </testcase> <!-- testcase1 -->
  <testcase classname="testng_practice_enabled_false.AnnotationsWithClass" name="testcase1">
    <skipped/>
  </testcase> <!-- testcase1 -->
</testsuite> <!-- testng_practice_enabled_false.AnnotationsWithClass -->
