<?xml version="1.0" encoding="UTF-8"?>
<!-- Generated by org.testng.reporters.JUnitReportReporter -->
<testsuite hostname="DESKTOP-F4HKPKP" failures="0" tests="1" name="testng.TableHandling" time="6.145" errors="0" timestamp="28 Jan 2021 15:22:36 GMT" skipped="0">
  <testcase classname="testng.TableHandling" name="readTableContent" time="6.145"/>
</testsuite> <!-- testng.TableHandling -->
