<?xml version="1.0" encoding="UTF-8"?>
<!-- Generated by org.testng.reporters.JUnitReportReporter -->
<testsuite hostname="DESKTOP-F4HKPKP" failures="0" tests="4" name="testng_practice_enabled_false.AnnotationsWithMethods" time="37.699" errors="0" timestamp="08 Jan 2021 10:04:21 GMT" skipped="2">
  <testcase classname="testng_practice_enabled_false.AnnotationsWithMethods" name="testcase1" time="20.046"/>
  <testcase classname="testng_practice_enabled_false.AnnotationsWithMethods" name="testcase1" time="17.653"/>
  <testcase classname="testng_practice_enabled_false.AnnotationsWithMethods" name="testcase2">
    <skipped/>
  </testcase> <!-- testcase2 -->
  <testcase classname="testng_practice_enabled_false.AnnotationsWithMethods" name="testcase2">
    <skipped/>
  </testcase> <!-- testcase2 -->
</testsuite> <!-- testng_practice_enabled_false.AnnotationsWithMethods -->
