<?xml version="1.0" encoding="UTF-8"?>
<!-- Generated by org.testng.reporters.JUnitReportReporter -->
<testsuite hostname="DESKTOP-F4HKPKP" failures="0" tests="1" name="testng_parallel_sample.Login_2" time="9.000" errors="0" timestamp="11 Jan 2021 05:40:53 GMT" skipped="0">
  <testcase classname="testng_parallel_sample.Login_2" name="Login2" time="9.000"/>
</testsuite> <!-- testng_parallel_sample.Login_2 -->
